
 *******************************************************************************

         NASA-GLENN CHEMICAL EQUILIBRIUM PROGRAM CEA2, MAY 21, 2004
                   BY  BONNIE MCBRIDE AND SANFORD GORDON
      REFS: NASA RP-1311, PART I, 1994 AND NASA RP-1311, PART II, 1996

 *******************************************************************************



 problem rocket eq fr
     p(psi) = 5442.1769
     o/f = 3.6
     sup = 1, 1.2, 1.4, 1.6, 1.8, 2
 reac
     fuel = H2O(L) t(K) = 298.000
     ox = H2O2(L) t(K) = 298.000
 outp trans
 end

 OPTIONS: TP=F  HP=F  SP=F  TV=F  UV=F  SV=F  DETN=F  SHOCK=F  REFL=F  INCD=F
 RKT=T  FROZ=T  EQL=T  IONS=F  SIUNIT=T  DEBUGF=F  SHKDBG=F  DETDBG=F  TRNSPT=T

 TRACE= 0.00E+00  S/R= 0.000000E+00  H/R= 0.000000E+00  U/R= 0.000000E+00

 Pc,BAR =   375.223428

 Pc/P =

 SUBSONIC AREA RATIOS =

 SUPERSONIC AREA RATIOS =     1.0000     1.2000     1.4000     1.6000     1.8000
     2.0000

 NFZ=  1  Mdot/Ac= 0.000000E+00  Ac/At= 0.000000E+00

 WARNING!!  AMOUNT MISSING FOR REACTANT  1.
 PROGRAM SETS WEIGHT PERCENT = 100. (REACT)

 WARNING!!  AMOUNT MISSING FOR REACTANT  2.
 PROGRAM SETS WEIGHT PERCENT = 100. (REACT)

    REACTANT          WT.FRAC   (ENERGY/R),K   TEMP,K  DENSITY
        EXPLODED FORMULA
 F: H2O(L)           1.000000  -0.343786E+05   298.00  0.0000
          H  2.00000  O  1.00000
 O: H2O2(L)          1.000000  -0.225862E+05   298.00  0.0000
          H  2.00000  O  2.00000

  SPECIES BEING CONSIDERED IN THIS SYSTEM
 (CONDENSED PHASE MAY HAVE NAME LISTED SEVERAL TIMES)
  LAST thermo.inp UPDATE:    9/09/04

  g 6/97  *H               g 4/02  HO2              tpis78  *H2            
  g 8/89  H2O              g 6/99  H2O2             g 5/97  *O             
  g 4/02  *OH              tpis89  *O2              g 8/01  O3             
  g11/99  H2O(cr)          g 8/01  H2O(L)           g 8/01  H2O(L)         

 SPECIES WITH TRANSPORT PROPERTIES

        PURE SPECIES

  H                 H2                H2O               O               
  OH                O2              

     BINARY INTERACTIONS

     H               H2              
     H               O               
     H2              H2O             
     H2              O2              
     H2O             O2              
     O               O2              


 O/F =   3.600000

                       EFFECTIVE FUEL     EFFECTIVE OXIDANT        MIXTURE
 ENTHALPY                  h(2)/R              h(1)/R               h0/R
 (KG-MOL)(K)/KG       -0.19083035E+04     -0.66401406E+03     -0.93451176E+03

 KG-FORM.WT./KG             bi(2)               bi(1)               b0i
  *H                   0.11101687E+00      0.58798142E-01      0.70150040E-01
  *O                   0.55508435E-01      0.58798142E-01      0.58082989E-01

 POINT ITN      T            H           O 
   1   10     741.312     -23.479     -10.644
 Pinf/Pt = 1.827212
   2    3     645.714     -26.441     -10.799
 Pinf/Pt = 1.834772
   2    2     645.095     -26.463     -10.800
 Pinf/Pt = 1.834820
   2    1     645.091     -26.463     -10.800
   3    1     645.091     -26.463     -10.800
   4    3     556.867     -30.104     -10.976
 ADD  H2O(L)         
   4    3     594.692     -28.500     -11.011
   4    3     592.658     -28.587     -11.017
   4    1     592.673     -28.587     -11.017
   5    4     565.295     -29.827     -11.119
   5    2     564.505     -29.865     -11.123
   6    3     544.373     -30.865     -11.213
   6    2     545.496     -30.808     -11.207
   7    3     528.054     -31.736     -11.295
   7    3     531.132     -31.567     -11.279
   7    2     531.148     -31.566     -11.279
   8    3     512.190     -32.638     -11.385
   8    3     519.594     -32.209     -11.342
   8    2     519.673     -32.205     -11.342





              THEORETICAL ROCKET PERFORMANCE ASSUMING EQUILIBRIUM

           COMPOSITION DURING EXPANSION FROM INFINITE AREA COMBUSTOR

 Pin =  5442.2 PSIA
 CASE =                

             REACTANT                    WT FRACTION      ENERGY      TEMP
                                          (SEE NOTE)     KJ/KG-MOL      K  
 FUEL        H2O(L)                       1.0000000   -285841.390    298.000
 OXIDANT     H2O2(L)                      1.0000000   -187793.400    298.000

 O/F=    3.60000  %FUEL= 21.739130  R,EQ.RATIO= 0.603878  PHI,EQ.RATIO= 0.000000

                 CHAMBER   THROAT     EXIT     EXIT     EXIT     EXIT     EXIT     EXIT
 Pinf/P            1.0000   1.8348   1.8348   3.4944   4.7557   6.0254   7.3247   8.6580
 P, BAR            375.22   204.50   204.50   107.38   78.900   62.273   51.227   43.338
 T, K              741.31   645.09   645.09   592.67   564.51   545.50   531.15   519.67
 RHO, KG/CU M    1.3070 2 8.1856 1 8.1856 1 4.9082 1 3.8274 1 3.1565 1 2.6893 1 2.3426 1
 H, KJ/KG        -7770.01 -7932.74 -7932.74 -8084.33 -8149.77 -8197.50 -8235.35 -8266.74
 U, KJ/KG        -8057.10 -8182.58 -8182.58 -8303.10 -8355.92 -8394.78 -8425.83 -8451.74
 G, KJ/KG        -13962.6 -13321.6 -13321.6 -13035.3 -12865.4 -12754.4 -12672.4 -12607.9
 S, KJ/(KG)(K)     8.3536   8.3536   8.3536   8.3536   8.3536   8.3536   8.3536   8.3536

 M, (1/n)          21.469   21.469   21.469   22.525   22.768   22.989   23.184   23.356
 MW, MOL WT        21.469   21.469   21.469   21.469   21.469   21.469   21.469   21.469
 (dLV/dLP)t      -1.00000 -1.00000 -1.00000 -3.85916 -3.81788 -3.78115 -3.74945 -3.72184
 (dLV/dLT)p        1.0000   1.0000   1.0000  18.2592  20.0638  21.1688  21.9703  22.5977
 Cp, KJ/(KG)(K)    1.7162   1.6664   1.6664  40.2748  48.8919  54.6893  59.1539  62.8057
 GAMMAs            1.2914   1.3028   1.3028   1.2446   1.2329   1.2229   1.2151   1.2087
 SON VEL,M/SEC      608.9    570.5    570.5    521.8    504.1    491.2    481.1    472.9
 MACH NUMBER        0.000    1.000    1.000    1.519    1.729    1.882    2.005    2.108

 TRANSPORT PROPERTIES (GASES ONLY)
   CONDUCTIVITY IN UNITS OF MILLIWATTS/(CM)(K)

 VISC,MILLIPOISE  0.32722  0.28870  0.28870  0.26944  0.25823  0.25072  0.24508  0.24059

  WITH EQUILIBRIUM REACTIONS

 Cp, KJ/(KG)(K)    1.7162   1.6664   1.6664   1.6242   1.6066   1.5941   1.5843   1.5763
 CONDUCTIVITY      0.6312   0.5313   0.5313   0.4801   0.4532   0.4355   0.4224   0.4120
 PRANDTL NUMBER    0.8897   0.9054   0.9054   0.9116   0.9154   0.9177   0.9193   0.9205

  WITH FROZEN REACTIONS

 Cp, KJ/(KG)(K)    1.7162   1.6664   1.6664   1.6242   1.6066   1.5941   1.5843   1.5763
 CONDUCTIVITY      0.6312   0.5313   0.5313   0.4801   0.4532   0.4355   0.4224   0.4120
 PRANDTL NUMBER    0.8897   0.9054   0.9054   0.9116   0.9154   0.9177   0.9193   0.9205

 PERFORMANCE PARAMETERS

 Ae/At                     1.00000   1.0000   1.2000   1.4000   1.6000   1.8000   2.0000
 CSTAR, M/SEC                803.5    803.5    803.5    803.5    803.5    803.5    803.5
 CF                         0.7100   0.7100   0.9868   1.0847   1.1508   1.2007   1.2405
 Ivac, M/SEC                1008.4   1008.4   1068.8   1108.1   1138.0   1162.2   1182.3
 Isp, M/SEC                  570.5    570.5    792.9    871.5    924.6    964.7    996.7


 MOLE FRACTIONS

 H2O              0.75302  0.75302  0.75302  0.70615  0.69595  0.68688  0.67905  0.67223
 *O2              0.24698  0.24698  0.24698  0.24698  0.24698  0.24698  0.24698  0.24698
 H2O(L)           0.00000  0.00000  0.00000  0.04687  0.05707  0.06614  0.07397  0.08079

  * THERMODYNAMIC PROPERTIES FITTED TO 20000.K

    PRODUCTS WHICH WERE CONSIDERED BUT WHOSE MOLE FRACTIONS
    WERE LESS THAN 5.000000E-06 FOR ALL ASSIGNED CONDITIONS

 *H              HO2             *H2             H2O2            *O             
 *OH             O3              H2O(cr)        

 NOTE. WEIGHT FRACTION OF FUEL IN TOTAL FUELS AND OF OXIDANT IN TOTAL OXIDANTS





           THEORETICAL ROCKET PERFORMANCE ASSUMING FROZEN COMPOSITION

 Pin =  5442.2 PSIA
 CASE =                

             REACTANT                    WT FRACTION      ENERGY      TEMP
                                          (SEE NOTE)     KJ/KG-MOL      K  
 FUEL        H2O(L)                       1.0000000   -285841.390    298.000
 OXIDANT     H2O2(L)                      1.0000000   -187793.400    298.000

 O/F=    3.60000  %FUEL= 21.739130  R,EQ.RATIO= 0.603878  PHI,EQ.RATIO= 0.000000

                 CHAMBER   THROAT     EXIT     EXIT     EXIT     EXIT     EXIT     EXIT
 Pinf/P            1.0000   1.8348   1.8348   3.6259   5.0371   6.4975   8.0296   9.6365
 P, BAR            375.22   204.50   204.50   103.48   74.491   57.749   46.730   38.938
 T, K              741.31   645.09   645.09   549.31   507.47   476.94   452.77   432.80
 RHO, KG/CU M    1.3070 2 8.1856 1 8.1856 1 4.8645 1 3.7903 1 3.1264 1 2.6650 1 2.3230 1
 H, KJ/KG        -7770.01 -7932.74 -7932.74 -8090.01 -8157.25 -8205.77 -8243.87 -8275.15
 U, KJ/KG        -8057.10 -8182.58 -8182.58 -8302.74 -8353.78 -8390.48 -8419.22 -8442.77
 G, KJ/KG        -13962.6 -13321.6 -13321.6 -12678.7 -12396.4 -12190.0 -12026.1 -11890.6
 S, KJ/(KG)(K)     8.3536   8.3536   8.3536   8.3536   8.3536   8.3536   8.3536   8.3536

 M, (1/n)          21.469   21.469   21.469   21.469   21.469   21.469   21.469   21.469
 MW, MOL WT        21.469   21.469   21.469   21.469   21.469   21.469   21.469   21.469
 Cp, KJ/(KG)(K)    1.7162   1.6664   1.6664   1.6175   1.5968   1.5822   1.5710   1.5621
 GAMMAs            1.2914   1.3028   1.3028   1.3148   1.3202   1.3241   1.3272   1.3297
 SON VEL,M/SEC      608.9    570.5    570.5    528.9    509.4    494.5    482.4    472.1
 MACH NUMBER        0.000    1.000    1.000    1.513    1.728    1.888    2.018    2.129

 TRANSPORT PROPERTIES (GASES ONLY)
   CONDUCTIVITY IN UNITS OF MILLIWATTS/(CM)(K)

 VISC,MILLIPOISE  0.32722  0.28870  0.28870  0.24899  0.23128  0.21826  0.20791  0.19936

  WITH FROZEN REACTIONS

 Cp, KJ/(KG)(K)    1.7162   1.6664   1.6664   1.6175   1.5968   1.5822   1.5710   1.5621
 CONDUCTIVITY      0.6312   0.5313   0.5313   0.4374   0.3985   0.3712   0.3502   0.3334
 PRANDTL NUMBER    0.8897   0.9054   0.9054   0.9208   0.9267   0.9304   0.9327   0.9340

 PERFORMANCE PARAMETERS

 Ae/At                     1.00000   1.0000   1.2000   1.4000   1.6000   1.8000   2.0000
 CSTAR, M/SEC                803.5    803.5    803.5    803.5    803.5    803.5    803.5
 CF                         0.7100   0.7100   0.9957   1.0953   1.1619   1.2116   1.2509
 Ivac, M/SEC                1008.4   1008.4   1065.9   1103.4   1131.4   1153.6   1171.9
 Isp, M/SEC                  570.5    570.5    800.0    880.0    933.6    973.5   1005.1

 MOLE FRACTIONS

 H2O             0.75302   *O2             0.24698

  * THERMODYNAMIC PROPERTIES FITTED TO 20000.K

    PRODUCTS WHICH WERE CONSIDERED BUT WHOSE MOLE FRACTIONS
    WERE LESS THAN 5.000000E-06 FOR ALL ASSIGNED CONDITIONS

 *H              HO2             *H2             H2O2            *O             
 *OH             O3              H2O(cr)        

 NOTE. WEIGHT FRACTION OF FUEL IN TOTAL FUELS AND OF OXIDANT IN TOTAL OXIDANTS



