
 *******************************************************************************

         NASA-GLENN CHEMICAL EQUILIBRIUM PROGRAM CEA2, MAY 21, 2004
                   BY  BONNIE MCBRIDE AND SANFORD GORDON
      REFS: NASA RP-1311, PART I, 1994 AND NASA RP-1311, PART II, 1996

 *******************************************************************************



 problem rocket eq
     p(psi) = 40
     o/f = 0.7
     pip = 1.75, 2.7211
 reac
     fuel = RP-1 t(K) = 260.000
     ox = O2(L) t(K) = 260.000
 outp trans
 end

 OPTIONS: TP=F  HP=F  SP=F  TV=F  UV=F  SV=F  DETN=F  SHOCK=F  REFL=F  INCD=F
 RKT=T  FROZ=F  EQL=T  IONS=F  SIUNIT=T  DEBUGF=F  SHKDBG=F  DETDBG=F  TRNSPT=T

 TRACE= 0.00E+00  S/R= 0.000000E+00  H/R= 0.000000E+00  U/R= 0.000000E+00

 Pc,BAR =     2.757892

 Pc/P =     1.7500     2.7211

 SUBSONIC AREA RATIOS =

 SUPERSONIC AREA RATIOS =

 NFZ=  1  Mdot/Ac= 0.000000E+00  Ac/At= 0.000000E+00

 REACTANT RP-1           HAS BEEN DEFINED FOR THE TEMPERATURE  298.15K ONLY.
 YOUR TEMPERATURE ASSIGNMENT  260.00 IS MORE THAN 10 K FROM THIS VALUE. (REACT)

 ERROR IN REACTANTS DATASET (INPUT)

 FATAL ERROR IN DATASET (INPUT)



